<?xml version="1.0" encoding="UTF-8"?>
<testng-results ignored="0" total="2" passed="2" failed="0" skipped="0">
  <reporter-output>
  </reporter-output>
  <suite started-at="2021-08-17T09:35:50 IST" name="Suite" finished-at="2021-08-17T09:36:13 IST" duration-ms="22974">
    <groups>
    </groups>
    <test started-at="2021-08-17T09:35:50 IST" name="Test1" finished-at="2021-08-17T09:36:13 IST" duration-ms="22974">
      <class name="testng.parallel">
        <test-method signature="demo(java.lang.String)[pri:0, instance:testng.parallel@3a6bb9bf]" started-at="2021-08-17T09:35:50 IST" name="demo" finished-at="2021-08-17T09:36:13 IST" duration-ms="22783" status="PASS">
          <params>
            <param index="0">
              <value>
                <![CDATA[chrome]]>
              </value>
            </param>
          </params>
          <reporter-output>
          </reporter-output>
        </test-method> <!-- demo -->
      </class> <!-- testng.parallel -->
    </test> <!-- Test1 -->
    <test started-at="2021-08-17T09:35:50 IST" name="Test2" finished-at="2021-08-17T09:36:13 IST" duration-ms="22974">
      <class name="testng.parallel">
        <test-method signature="demo(java.lang.String)[pri:0, instance:testng.parallel@63a12c68]" started-at="2021-08-17T09:35:50 IST" name="demo" finished-at="2021-08-17T09:36:13 IST" duration-ms="22779" status="PASS">
          <params>
            <param index="0">
              <value>
                <![CDATA[chrome]]>
              </value>
            </param>
          </params>
          <reporter-output>
          </reporter-output>
        </test-method> <!-- demo -->
      </class> <!-- testng.parallel -->
    </test> <!-- Test2 -->
  </suite> <!-- Suite -->
</testng-results>
